
*Error*: java.sql.SQLException: [SQLITE_ERROR] SQL error or missing database (Connection is closed); Line: 109; Class: DatabaseHandler

*Error*: java.sql.SQLException: [SQLITE_ERROR] SQL error or missing database (Connection is closed); Line: 109; Class: DatabaseHandler
Info: StartUpView shown; Line: 203; Class: StartUpView
Event: Action performed; Line: 211; Class: StartUpView

Info: Connected to org.sqlite.JDBC; Line: 42; Class: DatabaseHandler; Method Name: connect
Info: Connecting to choreData.sqlite: from getLevel; Line: 426; Class: DatabaseHandler

*Error*: java.sql.SQLException: no such column: 'Julia'; Line: 437; Class: DatabaseHandler

Info: Connected to org.sqlite.JDBC; Line: 42; Class: DatabaseHandler; Method Name: connect
Info: Connecting to choreData.sqlite: from getProgramData2; Line: 476; Class: DatabaseHandler

*Error*: java.sql.SQLException: no such column: 'Week reset'; Line: 218; Class: DatabaseHandler

Info: Connected to org.sqlite.JDBC; Line: 42; Class: DatabaseHandler; Method Name: connect
Info: Connecting to choreData.sqlite: from loadChoresData; Line: 72; Class: DatabaseHandler

*Error*: java.sql.SQLException: [SQLITE_ERROR] SQL error or missing database (Connection is closed); Line: 109; Class: DatabaseHandler

Info: Sending data to model; Line: 103; Class: DatabaseHandler

Info: Connected to org.sqlite.JDBC; Line: 42; Class: DatabaseHandler; Method Name: connect
Info: Connecting to choreData.sqlite: from loadCompleteData; Line: 124; Class: DatabaseHandler

*Error*: java.sql.SQLException: [SQLITE_ERROR] SQL error or missing database (Connection is closed); Line: 109; Class: DatabaseHandler
Info: Sending data to controller; Line: 101; Class: Model
Info: Sending data to View; Line: 126; Class: Controller
Info: MainView shown; Line: 236; Class: MainView
Event: Action performed; Line: 292; Class: MainView

Warning!: You should close the program by clicking close; Line: 152; Class: Controller

Closing LOG
