
*Error*: java.sql.SQLException: [SQLITE_ERROR] SQL error or missing database (Connection is closed); Line: 109; Class: DatabaseHandler

*Error*: java.sql.SQLException: [SQLITE_ERROR] SQL error or missing database (Connection is closed); Line: 109; Class: DatabaseHandler
Info: StartUpView shown; Line: 203; Class: StartUpView
Event: Action performed; Line: 211; Class: StartUpView
Event: Action performed; Line: 211; Class: StartUpView

Info: Connected to org.sqlite.JDBC; Line: 42; Class: DatabaseHandler; Method Name: connect
Info: Connecting to choreData.sqlite: from getArray; Line: 244; Class: DatabaseHandler

*Error*: java.sql.SQLException: [SQLITE_ERROR] SQL error or missing database (Connection is closed); Line: 109; Class: DatabaseHandler

Info: Connected to org.sqlite.JDBC; Line: 42; Class: DatabaseHandler; Method Name: connect
Info: Connecting to choreData.sqlite: from getArray; Line: 244; Class: DatabaseHandler

*Error*: java.sql.SQLException: [SQLITE_ERROR] SQL error or missing database (Connection is closed); Line: 109; Class: DatabaseHandler

Info: Connected to org.sqlite.JDBC; Line: 42; Class: DatabaseHandler; Method Name: connect
Info: Connecting to choreData.sqlite: from getArray; Line: 244; Class: DatabaseHandler

*Error*: java.sql.SQLException: [SQLITE_ERROR] SQL error or missing database (Connection is closed); Line: 109; Class: DatabaseHandler

Info: Connected to org.sqlite.JDBC; Line: 42; Class: DatabaseHandler; Method Name: connect
Info: Connecting to choreData.sqlite: from getArray; Line: 244; Class: DatabaseHandler

*Error*: java.sql.SQLException: [SQLITE_ERROR] SQL error or missing database (Connection is closed); Line: 109; Class: DatabaseHandler

Info: Connected to org.sqlite.JDBC; Line: 42; Class: DatabaseHandler; Method Name: connect
Info: Connecting to choreData.sqlite: from getArray; Line: 244; Class: DatabaseHandler

*Error*: java.sql.SQLException: [SQLITE_ERROR] SQL error or missing database (Connection is closed); Line: 109; Class: DatabaseHandler

Info: Connected to org.sqlite.JDBC; Line: 42; Class: DatabaseHandler; Method Name: connect
Info: Connecting to choreData.sqlite: from getArray; Line: 244; Class: DatabaseHandler

*Error*: java.sql.SQLException: [SQLITE_ERROR] SQL error or missing database (Connection is closed); Line: 109; Class: DatabaseHandler

Info: Connected to org.sqlite.JDBC; Line: 42; Class: DatabaseHandler; Method Name: connect
Info: Connecting to choreData.sqlite: from getArray; Line: 244; Class: DatabaseHandler

*Error*: java.sql.SQLException: [SQLITE_ERROR] SQL error or missing database (Connection is closed); Line: 109; Class: DatabaseHandler

Info: Connected to org.sqlite.JDBC; Line: 42; Class: DatabaseHandler; Method Name: connect
Info: Connecting to choreData.sqlite: from getArray; Line: 244; Class: DatabaseHandler

*Error*: java.sql.SQLException: [SQLITE_ERROR] SQL error or missing database (Connection is closed); Line: 109; Class: DatabaseHandler

Info: Connected to org.sqlite.JDBC; Line: 42; Class: DatabaseHandler; Method Name: connect
Info: Connecting to choreData.sqlite: from getArray; Line: 244; Class: DatabaseHandler

*Error*: java.sql.SQLException: [SQLITE_ERROR] SQL error or missing database (Connection is closed); Line: 109; Class: DatabaseHandler

Info: Connected to org.sqlite.JDBC; Line: 42; Class: DatabaseHandler; Method Name: connect
Info: Connecting to choreData.sqlite: from getArray; Line: 244; Class: DatabaseHandler

*Error*: java.sql.SQLException: [SQLITE_ERROR] SQL error or missing database (Connection is closed); Line: 109; Class: DatabaseHandler

Info: Connected to org.sqlite.JDBC; Line: 42; Class: DatabaseHandler; Method Name: connect
Info: Connecting to choreData.sqlite: from getArray; Line: 244; Class: DatabaseHandler

*Error*: java.sql.SQLException: [SQLITE_ERROR] SQL error or missing database (Connection is closed); Line: 109; Class: DatabaseHandler

Info: Connected to org.sqlite.JDBC; Line: 42; Class: DatabaseHandler; Method Name: connect
Info: Connecting to choreData.sqlite: from getArray; Line: 244; Class: DatabaseHandler

*Error*: java.sql.SQLException: [SQLITE_ERROR] SQL error or missing database (Connection is closed); Line: 109; Class: DatabaseHandler

Info: Connected to org.sqlite.JDBC; Line: 42; Class: DatabaseHandler; Method Name: connect
Info: Connecting to choreData.sqlite: from getArray; Line: 244; Class: DatabaseHandler

*Error*: java.sql.SQLException: [SQLITE_ERROR] SQL error or missing database (Connection is closed); Line: 109; Class: DatabaseHandler

Info: Connected to org.sqlite.JDBC; Line: 42; Class: DatabaseHandler; Method Name: connect
Info: Connecting to choreData.sqlite: from getArray; Line: 244; Class: DatabaseHandler

*Error*: java.sql.SQLException: [SQLITE_ERROR] SQL error or missing database (Connection is closed); Line: 109; Class: DatabaseHandler

Info: Connected to org.sqlite.JDBC; Line: 42; Class: DatabaseHandler; Method Name: connect
Info: Connecting to choreData.sqlite: from getArray; Line: 244; Class: DatabaseHandler

*Error*: java.sql.SQLException: [SQLITE_ERROR] SQL error or missing database (Connection is closed); Line: 109; Class: DatabaseHandler

Info: Connected to org.sqlite.JDBC; Line: 42; Class: DatabaseHandler; Method Name: connect
Info: Connecting to choreData.sqlite: from getArray; Line: 244; Class: DatabaseHandler

*Error*: java.sql.SQLException: [SQLITE_ERROR] SQL error or missing database (Connection is closed); Line: 109; Class: DatabaseHandler

Info: Connected to org.sqlite.JDBC; Line: 42; Class: DatabaseHandler; Method Name: connect
Info: Connecting to choreData.sqlite: from getArray; Line: 244; Class: DatabaseHandler

*Error*: java.sql.SQLException: [SQLITE_ERROR] SQL error or missing database (Connection is closed); Line: 109; Class: DatabaseHandler

Info: Connected to org.sqlite.JDBC; Line: 42; Class: DatabaseHandler; Method Name: connect
Info: Connecting to choreData.sqlite: from getArray; Line: 244; Class: DatabaseHandler

*Error*: java.sql.SQLException: [SQLITE_ERROR] SQL error or missing database (Connection is closed); Line: 109; Class: DatabaseHandler

Info: Connected to org.sqlite.JDBC; Line: 68; Class: ChoreGeneratorController; Method Name: connect
Info: Connecting to choreData.sqlite: from writeJulias; Line: 114; Class: ChoreGeneratorController

Info: Connected to org.sqlite.JDBC; Line: 42; Class: DatabaseHandler; Method Name: connect
Info: Connecting to choreData.sqlite: from insertRow; Line: 283; Class: DatabaseHandler

*Error*: java.sql.SQLException: [SQLITE_ERROR] SQL error or missing database (Connection is closed); Line: 109; Class: DatabaseHandler

Info: Connected to org.sqlite.JDBC; Line: 42; Class: DatabaseHandler; Method Name: connect
Info: Connecting to choreData.sqlite: from insertRow; Line: 283; Class: DatabaseHandler

*Error*: java.sql.SQLException: [SQLITE_ERROR] SQL error or missing database (Connection is closed); Line: 109; Class: DatabaseHandler

Info: Connected to org.sqlite.JDBC; Line: 42; Class: DatabaseHandler; Method Name: connect
Info: Connecting to choreData.sqlite: from insertRow; Line: 283; Class: DatabaseHandler

*Error*: java.sql.SQLException: [SQLITE_ERROR] SQL error or missing database (Connection is closed); Line: 109; Class: DatabaseHandler

Info: Connected to org.sqlite.JDBC; Line: 42; Class: DatabaseHandler; Method Name: connect
Info: Connecting to choreData.sqlite: from insertRow; Line: 283; Class: DatabaseHandler

*Error*: java.sql.SQLException: [SQLITE_ERROR] SQL error or missing database (Connection is closed); Line: 109; Class: DatabaseHandler

Info: Connected to org.sqlite.JDBC; Line: 42; Class: DatabaseHandler; Method Name: connect
Info: Connecting to choreData.sqlite: from insertRow; Line: 283; Class: DatabaseHandler

*Error*: java.sql.SQLException: [SQLITE_ERROR] SQL error or missing database (Connection is closed); Line: 109; Class: DatabaseHandler

Info: Connected to org.sqlite.JDBC; Line: 42; Class: DatabaseHandler; Method Name: connect
Info: Connecting to choreData.sqlite: from insertRow; Line: 283; Class: DatabaseHandler

*Error*: java.sql.SQLException: [SQLITE_ERROR] SQL error or missing database (Connection is closed); Line: 109; Class: DatabaseHandler

Info: Connected to org.sqlite.JDBC; Line: 42; Class: DatabaseHandler; Method Name: connect
Info: Connecting to choreData.sqlite: from setAllStatistic; Line: 531; Class: DatabaseHandler

*Error*: java.sql.SQLException: ResultSet closed; Line: 38; Class: DatabaseHandler

Info: Connected to org.sqlite.JDBC; Line: 42; Class: DatabaseHandler; Method Name: connect
Info: Connecting to choreData.sqlite: from setAllStatistic; Line: 531; Class: DatabaseHandler

*Error*: java.sql.SQLException: ResultSet closed; Line: 38; Class: DatabaseHandler

Info: Connected to org.sqlite.JDBC; Line: 42; Class: DatabaseHandler; Method Name: connect
Info: Connecting to choreData.sqlite: from loadChoresData; Line: 72; Class: DatabaseHandler

*Error*: java.sql.SQLException: [SQLITE_ERROR] SQL error or missing database (near "null": syntax error); Line: 95; Class: DatabaseHandler

Info: Sending data to model; Line: 103; Class: DatabaseHandler

Info: Connected to org.sqlite.JDBC; Line: 42; Class: DatabaseHandler; Method Name: connect
Info: Connecting to choreData.sqlite: from loadCompleteData; Line: 124; Class: DatabaseHandler

*Error*: java.sql.SQLException: [SQLITE_ERROR] SQL error or missing database (near "null": syntax error); Line: 901; Class: DatabaseHandler
Info: Sending data to controller; Line: 101; Class: Model
Info: Sending data to View; Line: 126; Class: Controller
Info: MainView shown; Line: 238; Class: MainView
Event: Action performed; Line: 294; Class: MainView

Warning!: You should close the program by clicking close; Line: 152; Class: Controller

Closing LOG
